<?xml version="1.0" encoding="UTF-8"?>
<!-- Generated by org.testng.reporters.JUnitXMLReporter -->
<testsuite ignored="0" hostname="DESKTOP-TLETKQT" failures="2" tests="3" name="Orange HRM MULTI Test-1" time="18.159" errors="0" timestamp="2022-07-26T10:27:02 BDT">
  <testcase classname="com.TestNG.Orange_HRM_Login" name="Login_TC_001" time="0.027">
    <failure type="java.lang.NullPointerException" message="Cannot invoke &amp;quot;org.openqa.selenium.WebDriver.findElement(org.openqa.selenium.By)&amp;quot; because &amp;quot;com.TestNG.Orange_HRM_Login.driver&amp;quot; is null">
      <![CDATA[java.lang.NullPointerException: Cannot invoke "org.openqa.selenium.WebDriver.findElement(org.openqa.selenium.By)" because "com.TestNG.Orange_HRM_Login.driver" is null
at com.TestNG.Orange_HRM_Login.Login_TC_001(Orange_HRM_Login.java:27)
at java.base/java.util.ArrayList.forEach(ArrayList.java:1511)
... Removed 27 stack frames]]>
    </failure>
  </testcase> <!-- Login_TC_001 -->
  <testcase classname="com.TestNG.Orange_HRM_Login" name="NavigateToMyInfo" time="0.003">
    <failure type="java.lang.NullPointerException" message="Cannot invoke &amp;quot;org.openqa.selenium.WebDriver.findElement(org.openqa.selenium.By)&amp;quot; because &amp;quot;com.TestNG.Orange_HRM_Login.driver&amp;quot; is null">
      <![CDATA[java.lang.NullPointerException: Cannot invoke "org.openqa.selenium.WebDriver.findElement(org.openqa.selenium.By)" because "com.TestNG.Orange_HRM_Login.driver" is null
at com.TestNG.Orange_HRM_Login.NavigateToMyInfo(Orange_HRM_Login.java:37)
at java.base/java.util.ArrayList.forEach(ArrayList.java:1511)
... Removed 27 stack frames]]>
    </failure>
  </testcase> <!-- NavigateToMyInfo -->
  <testcase classname="com.TestNG.Orange_HRM_Login" name="alu" time="17.484"/>
</testsuite> <!-- Orange HRM MULTI Test-1 -->
