<?xml version="1.0" encoding="UTF-8"?>
<!-- Generated by org.testng.reporters.JUnitXMLReporter -->
<testsuite ignored="0" hostname="DESKTOP-TLETKQT" failures="1" tests="2" name="This TestNG for First " time="22.422" errors="0" timestamp="2022-07-26T15:01:48 BDT">
  <testcase classname="com.IMIKROF_With_TestNG.POMIS_1" name="POMIS2_TC_001" time="0.032">
    <failure type="java.lang.NullPointerException" message="Cannot invoke &amp;quot;org.openqa.selenium.WebDriver.findElement(org.openqa.selenium.By)&amp;quot; because &amp;quot;com.IMIKROF_With_TestNG.POMIS_1.driver&amp;quot; is null">
      <![CDATA[java.lang.NullPointerException: Cannot invoke "org.openqa.selenium.WebDriver.findElement(org.openqa.selenium.By)" because "com.IMIKROF_With_TestNG.POMIS_1.driver" is null
at com.IMIKROF_With_TestNG.POMIS_1.POMIS2_TC_001(POMIS_1.java:41)
at java.base/java.util.ArrayList.forEach(ArrayList.java:1511)
... Removed 27 stack frames]]>
    </failure>
  </testcase> <!-- POMIS2_TC_001 -->
  <testcase classname="com.IMIKROF_With_TestNG.POMIS_1" name="main" time="21.343"/>
</testsuite> <!-- This TestNG for First  -->
