<?xml version="1.0" encoding="UTF-8"?>
<!-- Generated by org.testng.reporters.JUnitXMLReporter -->
<testsuite ignored="0" hostname="DESKTOP-TLETKQT" failures="0" tests="3" name="Default test" time="1.231" errors="0" timestamp="2022-07-25T14:48:22 BDT">
  <testcase classname="com.TestNG.Extent_With_TestNG" name="pass" time="0.045"/>
  <testcase classname="com.TestNG.Extent_With_TestNG" name="skip" time="0.003"/>
  <testcase classname="com.TestNG.Extent_With_TestNG" name="warning" time="0.013"/>
</testsuite> <!-- Default test -->
