<?xml version="1.0" encoding="UTF-8"?>
<testng-results ignored="0" total="4" passed="3" failed="1" skipped="0">
  <reporter-output>
  </reporter-output>
  <suite started-at="2022-07-26T15:01:26 BDT" name="This case for Pomis-1" finished-at="2022-07-26T15:02:15 BDT" duration-ms="49334">
    <groups>
    </groups>
    <test started-at="2022-07-26T15:01:26 BDT" name="This TestNG for First " finished-at="2022-07-26T15:01:48 BDT" duration-ms="22422">
      <class name="com.IMIKROF_With_TestNG.POMIS_1">
        <test-method is-config="true" signature="BeforeTest()[pri:0, instance:com.IMIKROF_With_TestNG.POMIS_1@205d38da]" started-at="2022-07-26T15:01:26 BDT" name="BeforeTest" finished-at="2022-07-26T15:01:26 BDT" duration-ms="300" status="PASS">
          <reporter-output>
          </reporter-output>
        </test-method> <!-- BeforeTest -->
        <test-method signature="POMIS2_TC_001()[pri:0, instance:com.IMIKROF_With_TestNG.POMIS_1@205d38da]" started-at="2022-07-26T15:01:26 BDT" name="POMIS2_TC_001" finished-at="2022-07-26T15:01:26 BDT" duration-ms="32" status="FAIL">
          <exception class="java.lang.NullPointerException">
            <message>
              <![CDATA[Cannot invoke "org.openqa.selenium.WebDriver.findElement(org.openqa.selenium.By)" because "com.IMIKROF_With_TestNG.POMIS_1.driver" is null]]>
            </message>
            <full-stacktrace>
              <![CDATA[java.lang.NullPointerException: Cannot invoke "org.openqa.selenium.WebDriver.findElement(org.openqa.selenium.By)" because "com.IMIKROF_With_TestNG.POMIS_1.driver" is null
at com.IMIKROF_With_TestNG.POMIS_1.POMIS2_TC_001(POMIS_1.java:41)
at java.base/jdk.internal.reflect.NativeMethodAccessorImpl.invoke0(Native Method)
at java.base/jdk.internal.reflect.NativeMethodAccessorImpl.invoke(NativeMethodAccessorImpl.java:77)
at java.base/jdk.internal.reflect.DelegatingMethodAccessorImpl.invoke(DelegatingMethodAccessorImpl.java:43)
at java.base/java.lang.reflect.Method.invoke(Method.java:568)
at org.testng.internal.invokers.MethodInvocationHelper.invokeMethod(MethodInvocationHelper.java:139)
at org.testng.internal.invokers.TestInvoker.invokeMethod(TestInvoker.java:677)
at org.testng.internal.invokers.TestInvoker.invokeTestMethod(TestInvoker.java:221)
at org.testng.internal.invokers.MethodRunner.runInSequence(MethodRunner.java:50)
at org.testng.internal.invokers.TestInvoker$MethodInvocationAgent.invoke(TestInvoker.java:962)
at org.testng.internal.invokers.TestInvoker.invokeTestMethods(TestInvoker.java:194)
at org.testng.internal.invokers.TestMethodWorker.invokeTestMethods(TestMethodWorker.java:148)
at org.testng.internal.invokers.TestMethodWorker.run(TestMethodWorker.java:128)
at java.base/java.util.ArrayList.forEach(ArrayList.java:1511)
at org.testng.TestRunner.privateRun(TestRunner.java:806)
at org.testng.TestRunner.run(TestRunner.java:601)
at org.testng.SuiteRunner.runTest(SuiteRunner.java:433)
at org.testng.SuiteRunner.runSequentially(SuiteRunner.java:427)
at org.testng.SuiteRunner.privateRun(SuiteRunner.java:387)
at org.testng.SuiteRunner.run(SuiteRunner.java:330)
at org.testng.SuiteRunnerWorker.runSuite(SuiteRunnerWorker.java:52)
at org.testng.SuiteRunnerWorker.run(SuiteRunnerWorker.java:95)
at org.testng.TestNG.runSuitesSequentially(TestNG.java:1256)
at org.testng.TestNG.runSuitesLocally(TestNG.java:1176)
at org.testng.TestNG.runSuites(TestNG.java:1099)
at org.testng.TestNG.run(TestNG.java:1067)
at org.testng.remote.AbstractRemoteTestNG.run(AbstractRemoteTestNG.java:115)
at org.testng.remote.RemoteTestNG.initAndRun(RemoteTestNG.java:251)
at org.testng.remote.RemoteTestNG.main(RemoteTestNG.java:77)
]]>
            </full-stacktrace>
          </exception> <!-- java.lang.NullPointerException -->
          <reporter-output>
          </reporter-output>
        </test-method> <!-- POMIS2_TC_001 -->
        <test-method signature="main()[pri:0, instance:com.IMIKROF_With_TestNG.POMIS_1@205d38da]" started-at="2022-07-26T15:01:26 BDT" name="main" finished-at="2022-07-26T15:01:47 BDT" duration-ms="21343" status="PASS">
          <reporter-output>
          </reporter-output>
        </test-method> <!-- main -->
        <test-method is-config="true" signature="AfterTest()[pri:0, instance:com.IMIKROF_With_TestNG.POMIS_1@205d38da]" started-at="2022-07-26T15:01:47 BDT" name="AfterTest" finished-at="2022-07-26T15:01:48 BDT" duration-ms="637" status="PASS">
          <reporter-output>
          </reporter-output>
        </test-method> <!-- AfterTest -->
      </class> <!-- com.IMIKROF_With_TestNG.POMIS_1 -->
    </test> <!-- This TestNG for First  -->
    <test started-at="2022-07-26T15:01:48 BDT" name="This TestNG for Second " finished-at="2022-07-26T15:02:15 BDT" duration-ms="26864">
      <class name="com.IMIKROF_With_TestNG.POMIS_1">
        <test-method is-config="true" signature="BeforeTest()[pri:0, instance:com.IMIKROF_With_TestNG.POMIS_1@2b72cb8a]" started-at="2022-07-26T15:01:48 BDT" name="BeforeTest" finished-at="2022-07-26T15:01:48 BDT" duration-ms="1" status="PASS">
          <reporter-output>
          </reporter-output>
        </test-method> <!-- BeforeTest -->
        <test-method signature="POMIS2_TC_001()[pri:0, instance:com.IMIKROF_With_TestNG.POMIS_1@2b72cb8a]" started-at="2022-07-26T15:01:48 BDT" name="POMIS2_TC_001" finished-at="2022-07-26T15:01:50 BDT" duration-ms="2422" status="PASS">
          <reporter-output>
          </reporter-output>
        </test-method> <!-- POMIS2_TC_001 -->
        <test-method signature="main()[pri:0, instance:com.IMIKROF_With_TestNG.POMIS_1@2b72cb8a]" started-at="2022-07-26T15:01:50 BDT" name="main" finished-at="2022-07-26T15:02:15 BDT" duration-ms="24258" status="PASS">
          <reporter-output>
          </reporter-output>
        </test-method> <!-- main -->
        <test-method is-config="true" signature="AfterTest()[pri:0, instance:com.IMIKROF_With_TestNG.POMIS_1@2b72cb8a]" started-at="2022-07-26T15:02:15 BDT" name="AfterTest" finished-at="2022-07-26T15:02:15 BDT" duration-ms="166" status="PASS">
          <reporter-output>
          </reporter-output>
        </test-method> <!-- AfterTest -->
      </class> <!-- com.IMIKROF_With_TestNG.POMIS_1 -->
    </test> <!-- This TestNG for Second  -->
  </suite> <!-- This case for Pomis-1 -->
</testng-results>
